<?xml version="1.0" encoding="UTF-8"?>
<!-- Generated by org.testng.reporters.JUnitReportReporter -->
<testsuite hostname="CSE1605378" failures="0" tests="3" name="com.crm.qa.testcases.HomePageTest" time="53.284" errors="0" timestamp="2020-10-26T16:08:38 IST" skipped="0">
  <testcase classname="com.crm.qa.testcases.HomePageTest" name="clicktasklink" time="16.614"/>
  <system-out/>
  <testcase classname="com.crm.qa.testcases.HomePageTest" name="verifyusername" time="19.078"/>
  <system-out/>
  <testcase classname="com.crm.qa.testcases.HomePageTest" name="clickContactslink" time="17.592"/>
  <system-out/>
</testsuite> <!-- com.crm.qa.testcases.HomePageTest -->
