<?xml version="1.0" encoding="UTF-8"?>
<!-- Generated by org.testng.reporters.JUnitReportReporter -->
<testsuite hostname="CSE1605378" failures="0" tests="2" name="com.crm.qa.testcases.FreeCrmHomePageTest" time="61.389" errors="0" timestamp="2020-10-26T16:08:38 IST" skipped="0">
  <testcase classname="com.crm.qa.testcases.FreeCrmHomePageTest" name="freeCrmTitleTest" time="10.264"/>
  <system-out/>
  <testcase classname="com.crm.qa.testcases.FreeCrmHomePageTest" name="loginbtntest" time="51.125"/>
  <system-out/>
</testsuite> <!-- com.crm.qa.testcases.FreeCrmHomePageTest -->
