<?xml version="1.0" encoding="UTF-8"?>
<!-- Generated by org.testng.reporters.JUnitReportReporter -->
<testsuite hostname="CSE1605378" failures="0" tests="3" name="com.crm.qa.testcases.ContactsPageTest" time="84.186" errors="0" timestamp="2020-10-26T16:08:38 IST" skipped="0">
  <testcase classname="com.crm.qa.testcases.ContactsPageTest" name="clickondropdown" time="29.221"/>
  <system-out/>
  <testcase classname="com.crm.qa.testcases.ContactsPageTest" name="selectcheckBox" time="26.692"/>
  <system-out/>
  <testcase classname="com.crm.qa.testcases.ContactsPageTest" name="clickoneye" time="28.273"/>
  <system-out/>
</testsuite> <!-- com.crm.qa.testcases.ContactsPageTest -->
