<?xml version="1.0" encoding="UTF-8"?>
<!-- Generated by org.testng.reporters.JUnitReportReporter -->
<testsuite hostname="CSE1605378" failures="0" tests="2" name="com.crm.qa.testcases.LoginPageTest" time="28.767" errors="0" timestamp="2020-10-26T16:08:38 IST" skipped="0">
  <testcase classname="com.crm.qa.testcases.LoginPageTest" name="verifyloginpageTitle" time="14.116"/>
  <system-out/>
  <testcase classname="com.crm.qa.testcases.LoginPageTest" name="clickloginbtnTest" time="14.651"/>
  <system-out/>
</testsuite> <!-- com.crm.qa.testcases.LoginPageTest -->
