<?xml version="1.0" encoding="UTF-8"?>
<!-- Generated by org.testng.reporters.JUnitReportReporter -->
<testsuite hostname="CSE1605378" failures="0" tests="5" name="com.crm.qa.testcases.CreatenewContactPageTest" time="141.036" errors="0" timestamp="2020-10-26T16:08:38 IST" skipped="0">
  <testcase classname="com.crm.qa.testcases.CreatenewContactPageTest" name="validateCreateNewContact" time="30.686"/>
  <system-out/>
  <testcase classname="com.crm.qa.testcases.CreatenewContactPageTest" name="validateCreateNewContact" time="26.497"/>
  <system-out/>
  <testcase classname="com.crm.qa.testcases.CreatenewContactPageTest" name="validateCreateNewContact" time="28.824"/>
  <system-out/>
  <testcase classname="com.crm.qa.testcases.CreatenewContactPageTest" name="validateCreateNewContact" time="27.307"/>
  <system-out/>
  <testcase classname="com.crm.qa.testcases.CreatenewContactPageTest" name="validateCreateNewContact" time="27.722"/>
  <system-out/>
</testsuite> <!-- com.crm.qa.testcases.CreatenewContactPageTest -->
