<?xml version="1.0" encoding="UTF-8"?>
<!-- Generated by org.testng.reporters.JUnitReportReporter -->
<testsuite hostname="CSE1605378" failures="0" tests="5" name="com.crm.qa.testcases.CreatenewContactPageTest" time="117.386" errors="0" timestamp="2020-10-26T22:28:33 IST" skipped="0">
  <testcase classname="com.crm.qa.testcases.CreatenewContactPageTest" name="validateCreateNewContact" time="23.338"/>
  <system-out/>
  <testcase classname="com.crm.qa.testcases.CreatenewContactPageTest" name="validateCreateNewContact" time="23.186"/>
  <system-out/>
  <testcase classname="com.crm.qa.testcases.CreatenewContactPageTest" name="validateCreateNewContact" time="24.709"/>
  <system-out/>
  <testcase classname="com.crm.qa.testcases.CreatenewContactPageTest" name="validateCreateNewContact" time="22.964"/>
  <system-out/>
  <testcase classname="com.crm.qa.testcases.CreatenewContactPageTest" name="validateCreateNewContact" time="23.189"/>
  <system-out/>
</testsuite> <!-- com.crm.qa.testcases.CreatenewContactPageTest -->
