<?xml version="1.0" encoding="UTF-8"?>
<!-- Generated by org.testng.reporters.JUnitReportReporter -->
<testsuite hostname="CSE1605378" failures="0" tests="2" name="com.crm.qa.testcases.LoginPageTest" time="21.099" errors="0" timestamp="2020-10-26T22:28:32 IST" skipped="0">
  <testcase classname="com.crm.qa.testcases.LoginPageTest" name="verifyloginpageTitle" time="11.052"/>
  <system-out/>
  <testcase classname="com.crm.qa.testcases.LoginPageTest" name="clickloginbtnTest" time="10.047"/>
  <system-out/>
</testsuite> <!-- com.crm.qa.testcases.LoginPageTest -->
