<?xml version="1.0" encoding="UTF-8"?>
<!-- Generated by org.testng.reporters.JUnitReportReporter -->
<testsuite hostname="CSE1605378" failures="0" tests="3" name="com.crm.qa.testcases.HomePageTest" time="36.771" errors="0" timestamp="2020-10-26T22:28:33 IST" skipped="0">
  <testcase classname="com.crm.qa.testcases.HomePageTest" name="clicktasklink" time="12.540"/>
  <system-out/>
  <testcase classname="com.crm.qa.testcases.HomePageTest" name="verifyusername" time="11.627"/>
  <system-out/>
  <testcase classname="com.crm.qa.testcases.HomePageTest" name="clickContactslink" time="12.604"/>
  <system-out/>
</testsuite> <!-- com.crm.qa.testcases.HomePageTest -->
