<?xml version="1.0" encoding="UTF-8"?>
<!-- Generated by org.testng.reporters.JUnitReportReporter -->
<testsuite hostname="CSE1605378" failures="0" tests="3" name="com.crm.qa.testcases.ContactsPageTest" time="83.972" errors="0" timestamp="2020-10-26T22:28:33 IST" skipped="0">
  <testcase classname="com.crm.qa.testcases.ContactsPageTest" name="clickondropdown" time="25.502"/>
  <system-out/>
  <testcase classname="com.crm.qa.testcases.ContactsPageTest" name="selectcheckBox" time="36.444"/>
  <system-out/>
  <testcase classname="com.crm.qa.testcases.ContactsPageTest" name="clickoneye" time="22.026"/>
  <system-out/>
</testsuite> <!-- com.crm.qa.testcases.ContactsPageTest -->
